<?xml version="1.0" encoding="UTF-8"?>
<testng-results ignored="0" total="1" passed="0" failed="0" skipped="1">
  <reporter-output>
  </reporter-output>
  <suite started-at="2022-02-24T16:07:26 IST" name="Default suite" finished-at="2022-02-24T16:07:26 IST" duration-ms="86">
    <groups>
    </groups>
    <test started-at="2022-02-24T16:07:26 IST" name="Default test" finished-at="2022-02-24T16:07:26 IST" duration-ms="86">
      <class name="assertion.readExcel">
        <test-method is-config="true" signature="getExcel()[pri:0, instance:assertion.readExcel@1b7cc17c]" started-at="2022-02-24T16:07:26 IST" name="getExcel" finished-at="2022-02-24T16:07:26 IST" duration-ms="35" status="FAIL">
          <exception class="java.io.FileNotFoundException">
            <message>
              <![CDATA[C:\Users\NamrathaChakravarthi\eclipse-workspace\SeleniumAssignment"C:\Users\NamrathaChakravarthi\OneDrive\Documents\Test.xlsx" (The filename, directory name, or volume label syntax is incorrect)]]>
            </message>
            <full-stacktrace>
              <![CDATA[java.io.FileNotFoundException: C:\Users\NamrathaChakravarthi\eclipse-workspace\SeleniumAssignment"C:\Users\NamrathaChakravarthi\OneDrive\Documents\Test.xlsx" (The filename, directory name, or volume label syntax is incorrect)
at java.base/java.io.FileInputStream.open0(Native Method)
at java.base/java.io.FileInputStream.open(FileInputStream.java:216)
at java.base/java.io.FileInputStream.<init>(FileInputStream.java:157)
at assertion.readExcel.getExcel(readExcel.java:18)
at java.base/jdk.internal.reflect.NativeMethodAccessorImpl.invoke0(Native Method)
at java.base/jdk.internal.reflect.NativeMethodAccessorImpl.invoke(NativeMethodAccessorImpl.java:77)
at java.base/jdk.internal.reflect.DelegatingMethodAccessorImpl.invoke(DelegatingMethodAccessorImpl.java:43)
at java.base/java.lang.reflect.Method.invoke(Method.java:568)
at org.testng.internal.invokers.MethodInvocationHelper.invokeMethod(MethodInvocationHelper.java:135)
at org.testng.internal.invokers.MethodInvocationHelper.invokeMethodConsideringTimeout(MethodInvocationHelper.java:65)
at org.testng.internal.invokers.ConfigInvoker.invokeConfigurationMethod(ConfigInvoker.java:381)
at org.testng.internal.invokers.ConfigInvoker.invokeConfigurations(ConfigInvoker.java:319)
at org.testng.TestRunner.invokeTestConfigurations(TestRunner.java:645)
at org.testng.TestRunner.beforeRun(TestRunner.java:634)
at org.testng.TestRunner.run(TestRunner.java:596)
at org.testng.SuiteRunner.runTest(SuiteRunner.java:429)
at org.testng.SuiteRunner.runSequentially(SuiteRunner.java:423)
at org.testng.SuiteRunner.privateRun(SuiteRunner.java:383)
at org.testng.SuiteRunner.run(SuiteRunner.java:326)
at org.testng.SuiteRunnerWorker.runSuite(SuiteRunnerWorker.java:52)
at org.testng.SuiteRunnerWorker.run(SuiteRunnerWorker.java:95)
at org.testng.TestNG.runSuitesSequentially(TestNG.java:1249)
at org.testng.TestNG.runSuitesLocally(TestNG.java:1169)
at org.testng.TestNG.runSuites(TestNG.java:1092)
at org.testng.TestNG.run(TestNG.java:1060)
at org.testng.remote.AbstractRemoteTestNG.run(AbstractRemoteTestNG.java:115)
at org.testng.remote.RemoteTestNG.initAndRun(RemoteTestNG.java:251)
at org.testng.remote.RemoteTestNG.main(RemoteTestNG.java:77)
]]>
            </full-stacktrace>
          </exception> <!-- java.io.FileNotFoundException -->
          <reporter-output>
          </reporter-output>
        </test-method> <!-- getExcel -->
        <test-method signature="testExcel()[pri:0, instance:assertion.readExcel@1b7cc17c]" started-at="2022-02-24T16:07:26 IST" name="testExcel" finished-at="2022-02-24T16:07:26 IST" duration-ms="0" status="SKIP">
          <exception class="java.io.FileNotFoundException">
            <message>
              <![CDATA[C:\Users\NamrathaChakravarthi\eclipse-workspace\SeleniumAssignment"C:\Users\NamrathaChakravarthi\OneDrive\Documents\Test.xlsx" (The filename, directory name, or volume label syntax is incorrect)]]>
            </message>
            <full-stacktrace>
              <![CDATA[java.io.FileNotFoundException: C:\Users\NamrathaChakravarthi\eclipse-workspace\SeleniumAssignment"C:\Users\NamrathaChakravarthi\OneDrive\Documents\Test.xlsx" (The filename, directory name, or volume label syntax is incorrect)
at java.base/java.io.FileInputStream.open0(Native Method)
at java.base/java.io.FileInputStream.open(FileInputStream.java:216)
at java.base/java.io.FileInputStream.<init>(FileInputStream.java:157)
at assertion.readExcel.getExcel(readExcel.java:18)
at java.base/jdk.internal.reflect.NativeMethodAccessorImpl.invoke0(Native Method)
at java.base/jdk.internal.reflect.NativeMethodAccessorImpl.invoke(NativeMethodAccessorImpl.java:77)
at java.base/jdk.internal.reflect.DelegatingMethodAccessorImpl.invoke(DelegatingMethodAccessorImpl.java:43)
at java.base/java.lang.reflect.Method.invoke(Method.java:568)
at org.testng.internal.invokers.MethodInvocationHelper.invokeMethod(MethodInvocationHelper.java:135)
at org.testng.internal.invokers.MethodInvocationHelper.invokeMethodConsideringTimeout(MethodInvocationHelper.java:65)
at org.testng.internal.invokers.ConfigInvoker.invokeConfigurationMethod(ConfigInvoker.java:381)
at org.testng.internal.invokers.ConfigInvoker.invokeConfigurations(ConfigInvoker.java:319)
at org.testng.TestRunner.invokeTestConfigurations(TestRunner.java:645)
at org.testng.TestRunner.beforeRun(TestRunner.java:634)
at org.testng.TestRunner.run(TestRunner.java:596)
at org.testng.SuiteRunner.runTest(SuiteRunner.java:429)
at org.testng.SuiteRunner.runSequentially(SuiteRunner.java:423)
at org.testng.SuiteRunner.privateRun(SuiteRunner.java:383)
at org.testng.SuiteRunner.run(SuiteRunner.java:326)
at org.testng.SuiteRunnerWorker.runSuite(SuiteRunnerWorker.java:52)
at org.testng.SuiteRunnerWorker.run(SuiteRunnerWorker.java:95)
at org.testng.TestNG.runSuitesSequentially(TestNG.java:1249)
at org.testng.TestNG.runSuitesLocally(TestNG.java:1169)
at org.testng.TestNG.runSuites(TestNG.java:1092)
at org.testng.TestNG.run(TestNG.java:1060)
at org.testng.remote.AbstractRemoteTestNG.run(AbstractRemoteTestNG.java:115)
at org.testng.remote.RemoteTestNG.initAndRun(RemoteTestNG.java:251)
at org.testng.remote.RemoteTestNG.main(RemoteTestNG.java:77)
]]>
            </full-stacktrace>
          </exception> <!-- java.io.FileNotFoundException -->
          <reporter-output>
          </reporter-output>
        </test-method> <!-- testExcel -->
        <test-method is-config="true" signature="teardown()[pri:0, instance:assertion.readExcel@1b7cc17c]" started-at="2022-02-24T16:07:26 IST" name="teardown" finished-at="2022-02-24T16:07:26 IST" duration-ms="0" status="SKIP">
          <reporter-output>
          </reporter-output>
        </test-method> <!-- teardown -->
      </class> <!-- assertion.readExcel -->
    </test> <!-- Default test -->
  </suite> <!-- Default suite -->
</testng-results>
